Determining if the pthread_create exist failed with the following output:
Change Dir: /home/sergei/Desktop/untitled1/cmake-build-debug/CMakeFiles/CMakeTmp

Run Build Command(s):/usr/bin/make cmTC_9ef02/fast 
make[1]: вход в каталог «/home/sergei/Desktop/untitled1/cmake-build-debug/CMakeFiles/CMakeTmp»
/usr/bin/make -f CMakeFiles/cmTC_9ef02.dir/build.make CMakeFiles/cmTC_9ef02.dir/build
make[2]: вход в каталог «/home/sergei/Desktop/untitled1/cmake-build-debug/CMakeFiles/CMakeTmp»
Building C object CMakeFiles/cmTC_9ef02.dir/CheckSymbolExists.c.o
/usr/bin/cc    -o CMakeFiles/cmTC_9ef02.dir/CheckSymbolExists.c.o   -c /home/sergei/Desktop/untitled1/cmake-build-debug/CMakeFiles/CMakeTmp/CheckSymbolExists.c
Linking C executable cmTC_9ef02
/home/sergei/Desktop/clion-2019.2.1/bin/cmake/linux/bin/cmake -E cmake_link_script CMakeFiles/cmTC_9ef02.dir/link.txt --verbose=1
/usr/bin/cc      CMakeFiles/cmTC_9ef02.dir/CheckSymbolExists.c.o  -o cmTC_9ef02 
CMakeFiles/cmTC_9ef02.dir/CheckSymbolExists.c.o: In function `main':
CheckSymbolExists.c:(.text+0x16): undefined reference to `pthread_create'
collect2: error: ld returned 1 exit status
CMakeFiles/cmTC_9ef02.dir/build.make:86: ошибка выполнения рецепта для цели «cmTC_9ef02»
make[2]: *** [cmTC_9ef02] Ошибка 1
make[2]: выход из каталога «/home/sergei/Desktop/untitled1/cmake-build-debug/CMakeFiles/CMakeTmp»
Makefile:121: ошибка выполнения рецепта для цели «cmTC_9ef02/fast»
make[1]: *** [cmTC_9ef02/fast] Ошибка 2
make[1]: выход из каталога «/home/sergei/Desktop/untitled1/cmake-build-debug/CMakeFiles/CMakeTmp»

File /home/sergei/Desktop/untitled1/cmake-build-debug/CMakeFiles/CMakeTmp/CheckSymbolExists.c:
/* */
#include <pthread.h>

int main(int argc, char** argv)
{
  (void)argv;
#ifndef pthread_create
  return ((int*)(&pthread_create))[argc];
#else
  (void)argc;
  return 0;
#endif
}

Determining if the function pthread_create exists in the pthreads failed with the following output:
Change Dir: /home/sergei/Desktop/untitled1/cmake-build-debug/CMakeFiles/CMakeTmp

Run Build Command(s):/usr/bin/make cmTC_ad13e/fast 
make[1]: вход в каталог «/home/sergei/Desktop/untitled1/cmake-build-debug/CMakeFiles/CMakeTmp»
/usr/bin/make -f CMakeFiles/cmTC_ad13e.dir/build.make CMakeFiles/cmTC_ad13e.dir/build
make[2]: вход в каталог «/home/sergei/Desktop/untitled1/cmake-build-debug/CMakeFiles/CMakeTmp»
Building C object CMakeFiles/cmTC_ad13e.dir/CheckFunctionExists.c.o
/usr/bin/cc   -DCHECK_FUNCTION_EXISTS=pthread_create   -o CMakeFiles/cmTC_ad13e.dir/CheckFunctionExists.c.o   -c /home/sergei/Desktop/clion-2019.2.1/bin/cmake/linux/share/cmake-3.14/Modules/CheckFunctionExists.c
Linking C executable cmTC_ad13e
/home/sergei/Desktop/clion-2019.2.1/bin/cmake/linux/bin/cmake -E cmake_link_script CMakeFiles/cmTC_ad13e.dir/link.txt --verbose=1
/usr/bin/cc  -DCHECK_FUNCTION_EXISTS=pthread_create    CMakeFiles/cmTC_ad13e.dir/CheckFunctionExists.c.o  -o cmTC_ad13e -lpthreads 
/usr/bin/ld: cannot find -lpthreads
collect2: error: ld returned 1 exit status
CMakeFiles/cmTC_ad13e.dir/build.make:86: ошибка выполнения рецепта для цели «cmTC_ad13e»
make[2]: *** [cmTC_ad13e] Ошибка 1
make[2]: выход из каталога «/home/sergei/Desktop/untitled1/cmake-build-debug/CMakeFiles/CMakeTmp»
Makefile:121: ошибка выполнения рецепта для цели «cmTC_ad13e/fast»
make[1]: *** [cmTC_ad13e/fast] Ошибка 2
make[1]: выход из каталога «/home/sergei/Desktop/untitled1/cmake-build-debug/CMakeFiles/CMakeTmp»


